2018-05-30 13:55:37.346 - INFO  c.a.boot.sofarpc.configuration.Slite2Configuration - Not find key com.antcloud.mw.access in Java -D argument, put value iPEpRiVpTYmcQhPCcv into System
2018-05-30 13:55:37.353 - INFO  c.a.boot.sofarpc.configuration.Slite2Configuration - Not find key com.antcloud.antvip.endpoint in Java -D argument, put value 100.100.0.90 into System
2018-05-30 13:55:37.353 - INFO  c.a.boot.sofarpc.configuration.Slite2Configuration - Not find key com.antcloud.mw.secret in Java -D argument, put value 1LXCh6aSuLny9Nj97bHIwyhPzLZnIUOe into System
2018-05-30 13:55:37.354 - INFO  c.a.boot.sofarpc.configuration.Slite2Configuration - Not find key com.alipay.env in Java -D argument, put value shared into System
2018-05-30 13:55:37.354 - INFO  c.a.boot.sofarpc.configuration.Slite2Configuration - Not find key com.alipay.instanceid in Java -D argument, put value 6X7QISWPLLCZ into System
2018-05-30 13:55:37.377 - INFO  com.alipay.sofa.common.log - Sofa-Middleware-Log SLF4J : Actual logging.path is [ ./logs ]
2018-05-30 13:55:37.392 - INFO  com.alipay.sofa.common.log - Sofa-Middleware-Log SLF4J : Actual binding is of type [ com.alipay.sofa.rest Logback ]
2018-05-30 13:55:37.435 - INFO  com.alipay.sofa.common.log - Sofa-Middleware-Log SLF4J : Actual binding is of type [ com.alipay.sofa.mq Logback ]
2018-05-30 13:55:37.753 - INFO  com.alipay.sofa.common.log - Sofa-Middleware-Log SLF4J : Actual binding is of type [ com.alipay.sofa.rpc Logback ]
2018-05-30 13:55:37.839 - INFO  org.hibernate.validator.internal.util.Version - HV000001: Hibernate Validator 5.2.4.Final
2018-05-30 13:55:43.145 - INFO  com.alipay.sofa.common.log - Sofa-Middleware-Log SLF4J : Actual binding is of type [ com.antcloud.antvip Logback ]
2018-05-30 13:56:13.958 - INFO  org.apache.catalina.core.StandardService - Starting service Tomcat
2018-05-30 13:56:13.960 - INFO  org.apache.catalina.core.StandardEngine - Starting Servlet Engine: Apache Tomcat/8.5.6
2018-05-30 13:56:14.158 - INFO  o.a.c.core.ContainerBase.[Tomcat].[localhost].[/] - Initializing Spring embedded WebApplicationContext
2018-05-30 13:56:14.541 - INFO  c.a.c.e.t.adapter.EventSendFacadeTBNotifyImpl - The checkMessageListener is not set, the name of Publisher is [null]
2018-05-30 13:56:14.637 - INFO  c.t.n.remoting.service.impl.BaseRemotingController - Start RemotingController with the following configuration
BaseConfig [callBackExecutorPoolSize=3, callBackExecutorQueueSize=20000, dispatchMessageThreadCount=0, idleTime=10, keepAlive=true, linger=0, maxCallBackCountPerConnection=100000, maxCallBackExecutorPoolSize=30, maxReadBufferSize=0, maxScheduleWrittenBytes=184025088, rcvBufferSize=65536, readBufferSize=32768, readThreadCount=0, reuseAddr=true, scanInvalidCallBackInterval=300, selectorPoolSize=5, sndBufferSize=65536, soLinger=true, tcpNoDelay=true, wireFormatType=NOTIFY_V1, writeThreadCount=0]
2018-05-30 13:56:14.667 - INFO  c.t.notify.remoting.core.nio.impl.SelectorManager - Creating 5 rectors...
2018-05-30 13:56:14.710 - INFO  com.taobao.notify.client.NotifyClientFactory - Create NotifyClient for the brokerAddressConfig [BrokerAddressConfig{appName='ams', brokerAddressLookupPolicy=[BrokerAddressLookupPolicy [name=AntVip desc=Ant VIP server based broker address]], testBrokerServers=null, instanceId='6X7QISWPLLCZ', datacenter='', antVipEndpoint='100.100.0.90', productName='DMS'}]
2018-05-30 13:56:14.767 - INFO  com.taobao.notify.client.impl.DefaultNotifyClient - [com.taobao.notify.client.impl.DefaultNotifyClient]
Bindings [groupId [^6X7QISWPLLCZ$P_ams_mq] ]
2018-05-30 13:56:14.769 - INFO  c.taobao.notify.brokeraddress.BrokerAddressManager - Create a antvip broker address listener, topic [NS_Pub_Servers_^6X7QISWPLLCZ$TP_AMS] brokerAddressConfig [BrokerAddressConfig{appName='ams', brokerAddressLookupPolicy=[BrokerAddressLookupPolicy [name=AntVip desc=Ant VIP server based broker address]], testBrokerServers=null, instanceId='6X7QISWPLLCZ', datacenter='', antVipEndpoint='100.100.0.90', productName='DMS'}]
2018-05-30 13:56:14.771 - INFO  c.t.n.brokeraddress.BrokerAddressListenerAbstract - Initialize the AntVip Client, config [BrokerAddressConfig{appName='ams', brokerAddressLookupPolicy=[BrokerAddressLookupPolicy [name=AntVip desc=Ant VIP server based broker address]], testBrokerServers=null, instanceId='6X7QISWPLLCZ', datacenter='', antVipEndpoint='100.100.0.90', productName='DMS'}]
2018-05-30 13:56:47.454 - INFO  com.alipay.sofa.common.log - Sofa-Middleware-Log SLF4J : Actual binding is of type [ com.alipay.sofa.dsr Logback ]
2018-05-30 13:56:47.503 - INFO  c.t.n.brokeraddress.BrokerAddressListenerAbstract - [AntVipBasedBrokerAddressListener] has been initialized, ignore start process. config [BrokerAddressConfig{appName='ams', brokerAddressLookupPolicy=[BrokerAddressLookupPolicy [name=AntVip desc=Ant VIP server based broker address]], testBrokerServers=null, instanceId='6X7QISWPLLCZ', datacenter='', antVipEndpoint='100.100.0.90', productName='DMS'}] topics [[NS_Pub_Servers_^6X7QISWPLLCZ$TP_AMS]]
2018-05-30 13:56:47.503 - INFO  c.t.notify.remotingservice.DefaultRemotingService - [com.taobao.notify.remotingservice.DefaultRemotingService]
Broker Address Manager: Size of the Broker Address Listeners is 1
2018-05-30 13:56:47.503 - INFO  c.t.n.remotingservice.responsitory.NewUrlManager - [com.taobao.notify.remotingservice.responsitory.NewUrlManager]
serverUrlResponsitory size is:0
2018-05-30 13:56:47.503 - INFO  c.t.n.remotingservice.responsitory.NewUrlManager - [com.taobao.notify.remotingservice.responsitory.NewUrlManager]
serverUrlResponsitory is:{}
2018-05-30 13:56:47.503 - INFO  c.t.n.remotingservice.responsitory.NewUrlManager - [com.taobao.notify.remotingservice.responsitory.NewUrlManager]
serverUrlResponsitory AllUrls are:[]
2018-05-30 13:56:47.503 - INFO  c.t.n.remotingservice.responsitory.NewUrlManager - [com.taobao.notify.remotingservice.responsitory.NewUrlManager]
controlInfoResponsitory size is:0
2018-05-30 13:56:47.503 - INFO  c.t.n.remotingservice.responsitory.NewUrlManager - [com.taobao.notify.remotingservice.responsitory.NewUrlManager]
controlInfoResponsitory is:{}
2018-05-30 13:56:47.504 - INFO  c.t.n.remotingservice.responsitory.NewUrlManager - [com.taobao.notify.remotingservice.responsitory.NewUrlManager]
groupOfTopics is:{NS_Pub_Servers_^6X7QISWPLLCZ$TP_AMS=[^6X7QISWPLLCZ$P_ams_mq]}
2018-05-30 13:56:47.504 - INFO  c.t.n.remotingservice.responsitory.NewUrlManager - [com.taobao.notify.remotingservice.responsitory.NewUrlManager]
all urls: null
2018-05-30 13:56:51.014 - INFO  com.alipay.sofa.common.log - Sofa-Middleware-Log SLF4J : Actual binding is of type [ com.alipay.sofa.scheduler Logback ]
2018-05-30 13:56:51.027 - INFO  com.alipay.sofa.common.log - Sofa-Middleware-Log SLF4J : Actual binding is of type [ com.alipay.remoting Logback ]
2018-05-30 14:07:30.698 - INFO  c.a.boot.sofarpc.configuration.Slite2Configuration - Not find key com.antcloud.mw.access in Java -D argument, put value iPEpRiVpTYmcQhPCcv into System
2018-05-30 14:07:30.726 - INFO  c.a.boot.sofarpc.configuration.Slite2Configuration - Not find key com.antcloud.antvip.endpoint in Java -D argument, put value 100.100.0.90 into System
2018-05-30 14:07:30.726 - INFO  c.a.boot.sofarpc.configuration.Slite2Configuration - Not find key com.antcloud.mw.secret in Java -D argument, put value 1LXCh6aSuLny9Nj97bHIwyhPzLZnIUOe into System
2018-05-30 14:07:30.727 - INFO  c.a.boot.sofarpc.configuration.Slite2Configuration - Not find key com.alipay.env in Java -D argument, put value shared into System
2018-05-30 14:07:30.727 - INFO  c.a.boot.sofarpc.configuration.Slite2Configuration - Not find key com.alipay.instanceid in Java -D argument, put value 6X7QISWPLLCZ into System
2018-05-30 14:07:30.735 - INFO  com.alipay.sofa.common.log - Sofa-Middleware-Log SLF4J : Actual logging.path is [ ./logs ]
2018-05-30 14:07:30.741 - INFO  com.alipay.sofa.common.log - Sofa-Middleware-Log SLF4J : Actual binding is of type [ com.alipay.sofa.rest Logback ]
2018-05-30 14:07:30.785 - INFO  com.alipay.sofa.common.log - Sofa-Middleware-Log SLF4J : Actual binding is of type [ com.alipay.sofa.mq Logback ]
2018-05-30 14:07:30.913 - INFO  com.alipay.sofa.common.log - Sofa-Middleware-Log SLF4J : Actual binding is of type [ com.alipay.sofa.rpc Logback ]
2018-05-30 14:07:31.138 - INFO  org.hibernate.validator.internal.util.Version - HV000001: Hibernate Validator 5.2.4.Final
2018-05-30 14:07:36.212 - INFO  com.alipay.sofa.common.log - Sofa-Middleware-Log SLF4J : Actual binding is of type [ com.antcloud.antvip Logback ]
2018-05-30 14:08:06.942 - INFO  org.apache.catalina.core.StandardService - Starting service Tomcat
2018-05-30 14:08:06.943 - INFO  org.apache.catalina.core.StandardEngine - Starting Servlet Engine: Apache Tomcat/8.5.6
2018-05-30 14:08:07.103 - INFO  o.a.c.core.ContainerBase.[Tomcat].[localhost].[/] - Initializing Spring embedded WebApplicationContext
2018-05-30 14:08:07.438 - INFO  c.a.c.e.t.adapter.EventSendFacadeTBNotifyImpl - The checkMessageListener is not set, the name of Publisher is [null]
2018-05-30 14:08:07.510 - INFO  c.t.n.remoting.service.impl.BaseRemotingController - Start RemotingController with the following configuration
BaseConfig [callBackExecutorPoolSize=3, callBackExecutorQueueSize=20000, dispatchMessageThreadCount=0, idleTime=10, keepAlive=true, linger=0, maxCallBackCountPerConnection=100000, maxCallBackExecutorPoolSize=30, maxReadBufferSize=0, maxScheduleWrittenBytes=184025088, rcvBufferSize=65536, readBufferSize=32768, readThreadCount=0, reuseAddr=true, scanInvalidCallBackInterval=300, selectorPoolSize=5, sndBufferSize=65536, soLinger=true, tcpNoDelay=true, wireFormatType=NOTIFY_V1, writeThreadCount=0]
2018-05-30 14:08:07.533 - INFO  c.t.notify.remoting.core.nio.impl.SelectorManager - Creating 5 rectors...
2018-05-30 14:08:07.584 - INFO  com.taobao.notify.client.NotifyClientFactory - Create NotifyClient for the brokerAddressConfig [BrokerAddressConfig{appName='ams', brokerAddressLookupPolicy=[BrokerAddressLookupPolicy [name=AntVip desc=Ant VIP server based broker address]], testBrokerServers=null, instanceId='6X7QISWPLLCZ', datacenter='', antVipEndpoint='100.100.0.90', productName='DMS'}]
2018-05-30 14:08:07.614 - INFO  com.taobao.notify.client.impl.DefaultNotifyClient - [com.taobao.notify.client.impl.DefaultNotifyClient]
Bindings [groupId [^6X7QISWPLLCZ$P_ams_mq] ]
2018-05-30 14:08:07.615 - INFO  c.taobao.notify.brokeraddress.BrokerAddressManager - Create a antvip broker address listener, topic [NS_Pub_Servers_^6X7QISWPLLCZ$TP_AMS] brokerAddressConfig [BrokerAddressConfig{appName='ams', brokerAddressLookupPolicy=[BrokerAddressLookupPolicy [name=AntVip desc=Ant VIP server based broker address]], testBrokerServers=null, instanceId='6X7QISWPLLCZ', datacenter='', antVipEndpoint='100.100.0.90', productName='DMS'}]
2018-05-30 14:08:07.617 - INFO  c.t.n.brokeraddress.BrokerAddressListenerAbstract - Initialize the AntVip Client, config [BrokerAddressConfig{appName='ams', brokerAddressLookupPolicy=[BrokerAddressLookupPolicy [name=AntVip desc=Ant VIP server based broker address]], testBrokerServers=null, instanceId='6X7QISWPLLCZ', datacenter='', antVipEndpoint='100.100.0.90', productName='DMS'}]
2018-05-30 14:08:39.983 - INFO  com.alipay.sofa.common.log - Sofa-Middleware-Log SLF4J : Actual binding is of type [ com.alipay.sofa.dsr Logback ]
2018-05-30 14:08:40.016 - INFO  c.t.n.brokeraddress.BrokerAddressListenerAbstract - [AntVipBasedBrokerAddressListener] has been initialized, ignore start process. config [BrokerAddressConfig{appName='ams', brokerAddressLookupPolicy=[BrokerAddressLookupPolicy [name=AntVip desc=Ant VIP server based broker address]], testBrokerServers=null, instanceId='6X7QISWPLLCZ', datacenter='', antVipEndpoint='100.100.0.90', productName='DMS'}] topics [[NS_Pub_Servers_^6X7QISWPLLCZ$TP_AMS]]
2018-05-30 14:08:40.016 - INFO  c.t.notify.remotingservice.DefaultRemotingService - [com.taobao.notify.remotingservice.DefaultRemotingService]
Broker Address Manager: Size of the Broker Address Listeners is 1
2018-05-30 14:08:40.016 - INFO  c.t.n.remotingservice.responsitory.NewUrlManager - [com.taobao.notify.remotingservice.responsitory.NewUrlManager]
serverUrlResponsitory size is:0
2018-05-30 14:08:40.016 - INFO  c.t.n.remotingservice.responsitory.NewUrlManager - [com.taobao.notify.remotingservice.responsitory.NewUrlManager]
serverUrlResponsitory is:{}
2018-05-30 14:08:40.016 - INFO  c.t.n.remotingservice.responsitory.NewUrlManager - [com.taobao.notify.remotingservice.responsitory.NewUrlManager]
serverUrlResponsitory AllUrls are:[]
2018-05-30 14:08:40.016 - INFO  c.t.n.remotingservice.responsitory.NewUrlManager - [com.taobao.notify.remotingservice.responsitory.NewUrlManager]
controlInfoResponsitory size is:0
2018-05-30 14:08:40.016 - INFO  c.t.n.remotingservice.responsitory.NewUrlManager - [com.taobao.notify.remotingservice.responsitory.NewUrlManager]
controlInfoResponsitory is:{}
2018-05-30 14:08:40.016 - INFO  c.t.n.remotingservice.responsitory.NewUrlManager - [com.taobao.notify.remotingservice.responsitory.NewUrlManager]
groupOfTopics is:{NS_Pub_Servers_^6X7QISWPLLCZ$TP_AMS=[^6X7QISWPLLCZ$P_ams_mq]}
2018-05-30 14:08:40.017 - INFO  c.t.n.remotingservice.responsitory.NewUrlManager - [com.taobao.notify.remotingservice.responsitory.NewUrlManager]
all urls: null
2018-05-30 14:08:43.487 - INFO  com.alipay.sofa.common.log - Sofa-Middleware-Log SLF4J : Actual binding is of type [ com.alipay.sofa.scheduler Logback ]
2018-05-30 14:08:43.500 - INFO  com.alipay.sofa.common.log - Sofa-Middleware-Log SLF4J : Actual binding is of type [ com.alipay.remoting Logback ]
2018-05-30 14:09:28.419 - INFO  c.t.notify.remotingservice.DefaultRemotingService - [com.taobao.notify.remotingservice.DefaultRemotingService]
Broker Address Manager: Size of the Broker Address Listeners is 2
2018-05-30 14:09:28.419 - INFO  c.t.n.remotingservice.responsitory.NewUrlManager - [com.taobao.notify.remotingservice.responsitory.NewUrlManager]
serverUrlResponsitory size is:0
2018-05-30 14:09:28.419 - INFO  c.t.n.remotingservice.responsitory.NewUrlManager - [com.taobao.notify.remotingservice.responsitory.NewUrlManager]
serverUrlResponsitory is:{}
2018-05-30 14:09:28.419 - INFO  c.t.n.remotingservice.responsitory.NewUrlManager - [com.taobao.notify.remotingservice.responsitory.NewUrlManager]
serverUrlResponsitory AllUrls are:[]
2018-05-30 14:09:28.419 - INFO  c.t.n.remotingservice.responsitory.NewUrlManager - [com.taobao.notify.remotingservice.responsitory.NewUrlManager]
controlInfoResponsitory size is:0
2018-05-30 14:09:28.419 - INFO  c.t.n.remotingservice.responsitory.NewUrlManager - [com.taobao.notify.remotingservice.responsitory.NewUrlManager]
controlInfoResponsitory is:{}
2018-05-30 14:09:28.420 - INFO  c.t.n.remotingservice.responsitory.NewUrlManager - [com.taobao.notify.remotingservice.responsitory.NewUrlManager]
groupOfTopics is:{NS_Pub_Servers_^6X7QISWPLLCZ$TP_AMS=[^6X7QISWPLLCZ$P_ams_mq], NS_Sub_Servers_^6X7QISWPLLCZ$TP_AMS=[^6X7QISWPLLCZ$S_ams_mq]}
2018-05-30 14:09:28.420 - INFO  c.t.n.remotingservice.responsitory.NewUrlManager - [com.taobao.notify.remotingservice.responsitory.NewUrlManager]
all urls: null
2018-05-30 14:09:28.446 - INFO  com.taobao.notify.client.impl.DefaultNotifyClient - [com.taobao.notify.client.impl.DefaultNotifyClient]
Bindings [groupId [^6X7QISWPLLCZ$S_ams_mq] Topic [^6X7QISWPLLCZ$TP_AMS] [
[Binding topic=`^6X7QISWPLLCZ$TP_AMS` key=`EC_AMS` exchangeType=`DIRECT` waterMark=`-1` group=`^6X7QISWPLLCZ$S_ams_mq` persistence=`true` ]
]]
2018-05-30 14:09:31.549 - INFO  com.alipay.sofa.common.log - Sofa-Middleware-Log SLF4J : Actual binding is of type [ com.alipay.boot.rpc Logback ]
2018-05-30 14:09:31.592 - INFO  org.apache.coyote.http11.Http11NioProtocol - Initializing ProtocolHandler ["http-nio-8090"]
2018-05-30 14:09:31.611 - INFO  org.apache.coyote.http11.Http11NioProtocol - Starting ProtocolHandler [http-nio-8090]
2018-05-30 14:09:31.613 - INFO  org.apache.tomcat.util.net.NioSelectorPool - Using a shared selector for servlet write/read
