2018-05-30 13:56:47,471 ERROR worker-1-thread-2                - [Internal] query proxyServer address exception£¬from instanceId {6X7QISWPLLCZ} datacenter {null} 
com.antcloud.antvip.common.exception.AntVipIOException: Vip(100.100.0.90) endpoint might be wrong
	at com.antcloud.antvip.client.internal.transport.VipServerHttpSynchronizer.getVipDomains(VipServerHttpSynchronizer.java:385)
	at com.antcloud.antvip.client.internal.transport.VipServerHttpSynchronizer.getVipDomain(VipServerHttpSynchronizer.java:418)
	at com.antcloud.antvip.client.DefaultAntVipClient._getVipDomain(DefaultAntVipClient.java:578)
	at com.antcloud.antvip.client.DefaultAntVipClient.getRealServers(DefaultAntVipClient.java:309)
	at com.antcloud.antvip.client.DefaultAntVipClient.getRealServers(DefaultAntVipClient.java:299)
	at com.antcloud.antvip.client.DefaultAntVipClient.getRealServers(DefaultAntVipClient.java:321)
	at com.antcloud.antvip.client.AntVipCommonClient.getRealServers(AntVipCommonClient.java:152)
	at com.alipay.config.client.antcloud.CloudInit.getProxyServersByAntVip(CloudInit.java:73)
	at com.alipay.config.client.work.ServerListManager.getProxyServersByAntVip(ServerListManager.java:258)
	at com.alipay.config.client.work.ServerListManager.initProxyList(ServerListManager.java:212)
	at com.alipay.config.client.work.ServerListManager.iterator(ServerListManager.java:282)
	at com.alipay.config.client.work.ConfigClientConnection.connect(ConfigClientConnection.java:187)
	at com.alipay.config.client.work.AbstractWorkerThread.ensureConnected(AbstractWorkerThread.java:84)
	at com.alipay.config.client.work.WorkerThread.handle(WorkerThread.java:80)
	at com.alipay.config.client.work.AbstractWorkerThread.run(AbstractWorkerThread.java:94)
	at java.util.concurrent.ThreadPoolExecutor.runWorker(ThreadPoolExecutor.java:1149)
	at java.util.concurrent.ThreadPoolExecutor$Worker.run(ThreadPoolExecutor.java:624)
	at java.lang.Thread.run(Thread.java:748)
2018-05-30 13:57:08,509 ERROR worker-1-thread-4                - [Internal] query proxyServer address exception£¬from instanceId {6X7QISWPLLCZ} datacenter {null} 
com.antcloud.antvip.common.exception.AntVipIOException: Vip(100.100.0.90) endpoint might be wrong
	at com.antcloud.antvip.client.internal.transport.VipServerHttpSynchronizer.getVipDomains(VipServerHttpSynchronizer.java:385)
	at com.antcloud.antvip.client.internal.transport.VipServerHttpSynchronizer.getVipDomain(VipServerHttpSynchronizer.java:418)
	at com.antcloud.antvip.client.DefaultAntVipClient._getVipDomain(DefaultAntVipClient.java:578)
	at com.antcloud.antvip.client.DefaultAntVipClient.getRealServers(DefaultAntVipClient.java:309)
	at com.antcloud.antvip.client.DefaultAntVipClient.getRealServers(DefaultAntVipClient.java:299)
	at com.antcloud.antvip.client.DefaultAntVipClient.getRealServers(DefaultAntVipClient.java:321)
	at com.antcloud.antvip.client.AntVipCommonClient.getRealServers(AntVipCommonClient.java:152)
	at com.alipay.config.client.antcloud.CloudInit.getProxyServersByAntVip(CloudInit.java:73)
	at com.alipay.config.client.work.ServerListManager.getProxyServersByAntVip(ServerListManager.java:258)
	at com.alipay.config.client.work.ServerListManager.initProxyList(ServerListManager.java:212)
	at com.alipay.config.client.work.ServerListManager.iterator(ServerListManager.java:282)
	at com.alipay.config.client.work.ConfigClientConnection.connect(ConfigClientConnection.java:187)
	at com.alipay.config.client.work.AbstractWorkerThread.ensureConnected(AbstractWorkerThread.java:84)
	at com.alipay.config.client.work.WorkerThread.handle(WorkerThread.java:80)
	at com.alipay.config.client.work.AbstractWorkerThread.run(AbstractWorkerThread.java:94)
	at java.util.concurrent.ThreadPoolExecutor.runWorker(ThreadPoolExecutor.java:1149)
	at java.util.concurrent.ThreadPoolExecutor$Worker.run(ThreadPoolExecutor.java:624)
	at java.lang.Thread.run(Thread.java:748)
2018-05-30 13:57:13,512 ERROR worker-1-thread-2                - [Internal] query proxyServer address exception£¬from instanceId {6X7QISWPLLCZ} datacenter {null} 
com.antcloud.antvip.common.exception.AntVipIOException: Vip(100.100.0.90) endpoint might be wrong
	at com.antcloud.antvip.client.internal.transport.VipServerHttpSynchronizer.getVipDomains(VipServerHttpSynchronizer.java:385)
	at com.antcloud.antvip.client.internal.transport.VipServerHttpSynchronizer.getVipDomain(VipServerHttpSynchronizer.java:418)
	at com.antcloud.antvip.client.DefaultAntVipClient._getVipDomain(DefaultAntVipClient.java:578)
	at com.antcloud.antvip.client.DefaultAntVipClient.getRealServers(DefaultAntVipClient.java:309)
	at com.antcloud.antvip.client.DefaultAntVipClient.getRealServers(DefaultAntVipClient.java:299)
	at com.antcloud.antvip.client.DefaultAntVipClient.getRealServers(DefaultAntVipClient.java:321)
	at com.antcloud.antvip.client.AntVipCommonClient.getRealServers(AntVipCommonClient.java:152)
	at com.alipay.config.client.antcloud.CloudInit.getProxyServersByAntVip(CloudInit.java:73)
	at com.alipay.config.client.work.ServerListManager.getProxyServersByAntVip(ServerListManager.java:258)
	at com.alipay.config.client.work.ServerListManager.initProxyList(ServerListManager.java:212)
	at com.alipay.config.client.work.ServerListManager.iterator(ServerListManager.java:282)
	at com.alipay.config.client.work.ConfigClientConnection.connect(ConfigClientConnection.java:187)
	at com.alipay.config.client.work.AbstractWorkerThread.ensureConnected(AbstractWorkerThread.java:84)
	at com.alipay.config.client.work.WorkerThread.handle(WorkerThread.java:80)
	at com.alipay.config.client.work.AbstractWorkerThread.run(AbstractWorkerThread.java:94)
	at java.util.concurrent.ThreadPoolExecutor.runWorker(ThreadPoolExecutor.java:1149)
	at java.util.concurrent.ThreadPoolExecutor$Worker.run(ThreadPoolExecutor.java:624)
	at java.lang.Thread.run(Thread.java:748)
2018-05-30 14:08:40,006 ERROR worker-1-thread-2                - [Internal] query proxyServer address exception£¬from instanceId {6X7QISWPLLCZ} datacenter {null} 
com.antcloud.antvip.common.exception.AntVipIOException: Vip(100.100.0.90) endpoint might be wrong
	at com.antcloud.antvip.client.internal.transport.VipServerHttpSynchronizer.getVipDomains(VipServerHttpSynchronizer.java:385)
	at com.antcloud.antvip.client.internal.transport.VipServerHttpSynchronizer.getVipDomain(VipServerHttpSynchronizer.java:418)
	at com.antcloud.antvip.client.DefaultAntVipClient._getVipDomain(DefaultAntVipClient.java:578)
	at com.antcloud.antvip.client.DefaultAntVipClient.getRealServers(DefaultAntVipClient.java:309)
	at com.antcloud.antvip.client.DefaultAntVipClient.getRealServers(DefaultAntVipClient.java:299)
	at com.antcloud.antvip.client.DefaultAntVipClient.getRealServers(DefaultAntVipClient.java:321)
	at com.antcloud.antvip.client.AntVipCommonClient.getRealServers(AntVipCommonClient.java:152)
	at com.alipay.config.client.antcloud.CloudInit.getProxyServersByAntVip(CloudInit.java:73)
	at com.alipay.config.client.work.ServerListManager.getProxyServersByAntVip(ServerListManager.java:258)
	at com.alipay.config.client.work.ServerListManager.initProxyList(ServerListManager.java:212)
	at com.alipay.config.client.work.ServerListManager.iterator(ServerListManager.java:282)
	at com.alipay.config.client.work.ConfigClientConnection.connect(ConfigClientConnection.java:187)
	at com.alipay.config.client.work.AbstractWorkerThread.ensureConnected(AbstractWorkerThread.java:84)
	at com.alipay.config.client.work.WorkerThread.handle(WorkerThread.java:80)
	at com.alipay.config.client.work.AbstractWorkerThread.run(AbstractWorkerThread.java:94)
	at java.util.concurrent.ThreadPoolExecutor.runWorker(ThreadPoolExecutor.java:1149)
	at java.util.concurrent.ThreadPoolExecutor$Worker.run(ThreadPoolExecutor.java:624)
	at java.lang.Thread.run(Thread.java:748)
2018-05-30 14:09:01,103 ERROR worker-1-thread-4                - [Internal] query proxyServer address exception£¬from instanceId {6X7QISWPLLCZ} datacenter {null} 
com.antcloud.antvip.common.exception.AntVipIOException: Vip(100.100.0.90) endpoint might be wrong
	at com.antcloud.antvip.client.internal.transport.VipServerHttpSynchronizer.getVipDomains(VipServerHttpSynchronizer.java:385)
	at com.antcloud.antvip.client.internal.transport.VipServerHttpSynchronizer.getVipDomain(VipServerHttpSynchronizer.java:418)
	at com.antcloud.antvip.client.DefaultAntVipClient._getVipDomain(DefaultAntVipClient.java:578)
	at com.antcloud.antvip.client.DefaultAntVipClient.getRealServers(DefaultAntVipClient.java:309)
	at com.antcloud.antvip.client.DefaultAntVipClient.getRealServers(DefaultAntVipClient.java:299)
	at com.antcloud.antvip.client.DefaultAntVipClient.getRealServers(DefaultAntVipClient.java:321)
	at com.antcloud.antvip.client.AntVipCommonClient.getRealServers(AntVipCommonClient.java:152)
	at com.alipay.config.client.antcloud.CloudInit.getProxyServersByAntVip(CloudInit.java:73)
	at com.alipay.config.client.work.ServerListManager.getProxyServersByAntVip(ServerListManager.java:258)
	at com.alipay.config.client.work.ServerListManager.initProxyList(ServerListManager.java:212)
	at com.alipay.config.client.work.ServerListManager.iterator(ServerListManager.java:282)
	at com.alipay.config.client.work.ConfigClientConnection.connect(ConfigClientConnection.java:187)
	at com.alipay.config.client.work.AbstractWorkerThread.ensureConnected(AbstractWorkerThread.java:84)
	at com.alipay.config.client.work.WorkerThread.handle(WorkerThread.java:80)
	at com.alipay.config.client.work.AbstractWorkerThread.run(AbstractWorkerThread.java:94)
	at java.util.concurrent.ThreadPoolExecutor.runWorker(ThreadPoolExecutor.java:1149)
	at java.util.concurrent.ThreadPoolExecutor$Worker.run(ThreadPoolExecutor.java:624)
	at java.lang.Thread.run(Thread.java:748)
2018-05-30 14:09:06,104 ERROR worker-1-thread-2                - [Internal] query proxyServer address exception£¬from instanceId {6X7QISWPLLCZ} datacenter {null} 
com.antcloud.antvip.common.exception.AntVipIOException: Vip(100.100.0.90) endpoint might be wrong
	at com.antcloud.antvip.client.internal.transport.VipServerHttpSynchronizer.getVipDomains(VipServerHttpSynchronizer.java:385)
	at com.antcloud.antvip.client.internal.transport.VipServerHttpSynchronizer.getVipDomain(VipServerHttpSynchronizer.java:418)
	at com.antcloud.antvip.client.DefaultAntVipClient._getVipDomain(DefaultAntVipClient.java:578)
	at com.antcloud.antvip.client.DefaultAntVipClient.getRealServers(DefaultAntVipClient.java:309)
	at com.antcloud.antvip.client.DefaultAntVipClient.getRealServers(DefaultAntVipClient.java:299)
	at com.antcloud.antvip.client.DefaultAntVipClient.getRealServers(DefaultAntVipClient.java:321)
	at com.antcloud.antvip.client.AntVipCommonClient.getRealServers(AntVipCommonClient.java:152)
	at com.alipay.config.client.antcloud.CloudInit.getProxyServersByAntVip(CloudInit.java:73)
	at com.alipay.config.client.work.ServerListManager.getProxyServersByAntVip(ServerListManager.java:258)
	at com.alipay.config.client.work.ServerListManager.initProxyList(ServerListManager.java:212)
	at com.alipay.config.client.work.ServerListManager.iterator(ServerListManager.java:282)
	at com.alipay.config.client.work.ConfigClientConnection.connect(ConfigClientConnection.java:187)
	at com.alipay.config.client.work.AbstractWorkerThread.ensureConnected(AbstractWorkerThread.java:84)
	at com.alipay.config.client.work.WorkerThread.handle(WorkerThread.java:80)
	at com.alipay.config.client.work.AbstractWorkerThread.run(AbstractWorkerThread.java:94)
	at java.util.concurrent.ThreadPoolExecutor.runWorker(ThreadPoolExecutor.java:1149)
	at java.util.concurrent.ThreadPoolExecutor$Worker.run(ThreadPoolExecutor.java:624)
	at java.lang.Thread.run(Thread.java:748)
2018-05-30 14:09:27,168 ERROR worker-1-thread-4                - [Internal] query proxyServer address exception£¬from instanceId {6X7QISWPLLCZ} datacenter {null} 
com.antcloud.antvip.common.exception.AntVipIOException: Vip(100.100.0.90) endpoint might be wrong
	at com.antcloud.antvip.client.internal.transport.VipServerHttpSynchronizer.getVipDomains(VipServerHttpSynchronizer.java:385)
	at com.antcloud.antvip.client.internal.transport.VipServerHttpSynchronizer.getVipDomain(VipServerHttpSynchronizer.java:418)
	at com.antcloud.antvip.client.DefaultAntVipClient._getVipDomain(DefaultAntVipClient.java:578)
	at com.antcloud.antvip.client.DefaultAntVipClient.getRealServers(DefaultAntVipClient.java:309)
	at com.antcloud.antvip.client.DefaultAntVipClient.getRealServers(DefaultAntVipClient.java:299)
	at com.antcloud.antvip.client.DefaultAntVipClient.getRealServers(DefaultAntVipClient.java:321)
	at com.antcloud.antvip.client.AntVipCommonClient.getRealServers(AntVipCommonClient.java:152)
	at com.alipay.config.client.antcloud.CloudInit.getProxyServersByAntVip(CloudInit.java:73)
	at com.alipay.config.client.work.ServerListManager.getProxyServersByAntVip(ServerListManager.java:258)
	at com.alipay.config.client.work.ServerListManager.initProxyList(ServerListManager.java:212)
	at com.alipay.config.client.work.ServerListManager.iterator(ServerListManager.java:282)
	at com.alipay.config.client.work.ConfigClientConnection.connect(ConfigClientConnection.java:187)
	at com.alipay.config.client.work.AbstractWorkerThread.ensureConnected(AbstractWorkerThread.java:84)
	at com.alipay.config.client.work.WorkerThread.handle(WorkerThread.java:80)
	at com.alipay.config.client.work.AbstractWorkerThread.run(AbstractWorkerThread.java:94)
	at java.util.concurrent.ThreadPoolExecutor.runWorker(ThreadPoolExecutor.java:1149)
	at java.util.concurrent.ThreadPoolExecutor$Worker.run(ThreadPoolExecutor.java:624)
	at java.lang.Thread.run(Thread.java:748)
2018-05-30 14:09:32,169 ERROR worker-1-thread-2                - [Internal] query proxyServer address exception£¬from instanceId {6X7QISWPLLCZ} datacenter {null} 
com.antcloud.antvip.common.exception.AntVipIOException: Vip(100.100.0.90) endpoint might be wrong
	at com.antcloud.antvip.client.internal.transport.VipServerHttpSynchronizer.getVipDomains(VipServerHttpSynchronizer.java:385)
	at com.antcloud.antvip.client.internal.transport.VipServerHttpSynchronizer.getVipDomain(VipServerHttpSynchronizer.java:418)
	at com.antcloud.antvip.client.DefaultAntVipClient._getVipDomain(DefaultAntVipClient.java:578)
	at com.antcloud.antvip.client.DefaultAntVipClient.getRealServers(DefaultAntVipClient.java:309)
	at com.antcloud.antvip.client.DefaultAntVipClient.getRealServers(DefaultAntVipClient.java:299)
	at com.antcloud.antvip.client.DefaultAntVipClient.getRealServers(DefaultAntVipClient.java:321)
	at com.antcloud.antvip.client.AntVipCommonClient.getRealServers(AntVipCommonClient.java:152)
	at com.alipay.config.client.antcloud.CloudInit.getProxyServersByAntVip(CloudInit.java:73)
	at com.alipay.config.client.work.ServerListManager.getProxyServersByAntVip(ServerListManager.java:258)
	at com.alipay.config.client.work.ServerListManager.initProxyList(ServerListManager.java:212)
	at com.alipay.config.client.work.ServerListManager.iterator(ServerListManager.java:282)
	at com.alipay.config.client.work.ConfigClientConnection.connect(ConfigClientConnection.java:187)
	at com.alipay.config.client.work.AbstractWorkerThread.ensureConnected(AbstractWorkerThread.java:84)
	at com.alipay.config.client.work.WorkerThread.handle(WorkerThread.java:80)
	at com.alipay.config.client.work.AbstractWorkerThread.run(AbstractWorkerThread.java:94)
	at java.util.concurrent.ThreadPoolExecutor.runWorker(ThreadPoolExecutor.java:1149)
	at java.util.concurrent.ThreadPoolExecutor$Worker.run(ThreadPoolExecutor.java:624)
	at java.lang.Thread.run(Thread.java:748)
