2018-05-30 13:55:37.427 [main] INFO  c.a.b.s.s.i.RestApplicationContextInitializer - Existed DSR com.alipay.instanceid = 6X7QISWPLLCZ
2018-05-30 13:55:37.428 [main] INFO  c.a.b.s.s.i.RestApplicationContextInitializer - Existed DSR com.alipay.env = shared
2018-05-30 13:55:37.428 [main] INFO  c.a.b.s.s.i.RestApplicationContextInitializer - Existed DSR com.antcloud.antvip.endpoint = 100.100.0.90
2018-05-30 13:55:37.428 [main] INFO  c.a.b.s.s.i.RestApplicationContextInitializer - sofa rest starting!
2018-05-30 13:56:14.499 [main] INFO  c.a.s.r.s.RestComponentsPropertyInjectProcessor - A rest provider is found . register it (commonContainerResponseFilter). 
2018-05-30 13:56:50.685 [main] INFO  com.alipay.sofa.rest.bootstrap.RestBootstrap - register rest resource(name:com.dzjk.ams.endpoint.action.account.AccountFacadeRestImpl)
2018-05-30 13:56:50.867 [main] INFO  c.a.s.r.s.RestComponentsPropertyInjectProcessor - A rest resource is found . register it (accountFacadeRest). 
2018-05-30 13:56:50.970 [main] INFO  com.alipay.sofa.rest.bootstrap.RestBootstrap - register rest resource(name:com.dzjk.ams.endpoint.action.DzjkRestFacadeRestImpl)
2018-05-30 13:56:50.976 [main] INFO  c.a.s.r.s.RestComponentsPropertyInjectProcessor - A rest resource is found . register it (dzjkRestFacade). 
2018-05-30 13:56:50.983 [main] INFO  com.alipay.sofa.rest.bootstrap.RestBootstrap - register rest resource(name:com.dzjk.ams.endpoint.action.MqRestFacadeImpl)
2018-05-30 13:56:50.989 [main] INFO  c.a.s.r.s.RestComponentsPropertyInjectProcessor - A rest resource is found . register it (mqRestFacade). 
2018-05-30 13:57:13.024 [main] INFO  com.alipay.sofa.rest.bootstrap.RestBootstrap - register rest resource(name:com.dzjk.ams.endpoint.action.SampleRestFacadeRestImpl)
2018-05-30 13:57:13.043 [main] INFO  c.a.s.r.s.RestComponentsPropertyInjectProcessor - A rest resource is found . register it (sampleRestFacadeRest). 
2018-05-30 13:57:13.048 [main] INFO  com.alipay.sofa.rest.bootstrap.RestBootstrap - register rest resource(name:com.dzjk.ams.endpoint.action.FaviconRestFacadeRestImpl)
2018-05-30 13:57:13.052 [main] INFO  c.a.s.r.s.RestComponentsPropertyInjectProcessor - A rest resource is found . register it (faviconRestFacadeRest). 
2018-05-30 13:57:14.519 [main] INFO  com.alipay.sofa.rest.bootstrap.RestBootstrap - ClientConfig{connections=10, connectTimeout=-1, socketTimeout=-1, threadPoolSize=10, retries=0}
2018-05-30 13:57:14.671 [main] INFO  com.alipay.sofa.rest.bootstrap.RestBootstrap -  rest client started.
2018-05-30 13:57:15.171 [main] INFO  c.a.sofa.rest.server.netty.SofaRestNettyServer - server connector works,Connector{port=8341, hostname='null',maxRequestSize =10485760, isKeepAlive=true, exposed=true, sslContext=null}. Configured min.pool.size=100,max.pool.size=200,queue.pool.size=500,prestart=false
2018-05-30 13:57:15.183 [main] INFO  com.alipay.sofa.rest.bootstrap.RestBootstrap -  rest server is started.
2018-05-30 13:57:15.184 [main] INFO  c.a.sofa.rest.spring.support.RestComponentsLog - 
====== rest resources and providers ======
providers:
  class com.dzjk.ams.core.common.filter.CommonContainerResponseFilter
  class org.jboss.resteasy.plugins.providers.ServerFormUrlEncodedProvider

resources:
  name:dzjkRestFacade,class com.dzjk.ams.endpoint.action.DzjkRestFacadeRestImpl
  name:faviconRestFacadeRest,class com.dzjk.ams.endpoint.action.FaviconRestFacadeRestImpl
  name:sampleRestFacadeRest,class com.dzjk.ams.endpoint.action.SampleRestFacadeRestImpl
  name:accountFacadeRest,class com.dzjk.ams.endpoint.action.account.AccountFacadeRestImpl
  name:mqRestFacade,class com.dzjk.ams.endpoint.action.MqRestFacadeImpl

2018-05-30 13:57:15.184 [main] INFO  com.alipay.sofa.rest.bootstrap.RestBootstrap - sofa rest started.
2018-05-30 14:07:30.773 [main] INFO  c.a.b.s.s.i.RestApplicationContextInitializer - Existed DSR com.alipay.instanceid = 6X7QISWPLLCZ
2018-05-30 14:07:30.779 [main] INFO  c.a.b.s.s.i.RestApplicationContextInitializer - Existed DSR com.alipay.env = shared
2018-05-30 14:07:30.779 [main] INFO  c.a.b.s.s.i.RestApplicationContextInitializer - Existed DSR com.antcloud.antvip.endpoint = 100.100.0.90
2018-05-30 14:07:30.779 [main] INFO  c.a.b.s.s.i.RestApplicationContextInitializer - sofa rest starting!
2018-05-30 14:08:07.398 [main] INFO  c.a.s.r.s.RestComponentsPropertyInjectProcessor - A rest provider is found . register it (commonContainerResponseFilter). 
2018-05-30 14:08:43.178 [main] INFO  com.alipay.sofa.rest.bootstrap.RestBootstrap - register rest resource(name:com.dzjk.ams.endpoint.action.account.AccountFacadeRestImpl)
2018-05-30 14:08:43.393 [main] INFO  c.a.s.r.s.RestComponentsPropertyInjectProcessor - A rest resource is found . register it (accountFacadeRest). 
2018-05-30 14:08:43.442 [main] INFO  com.alipay.sofa.rest.bootstrap.RestBootstrap - register rest resource(name:com.dzjk.ams.endpoint.action.DzjkRestFacadeRestImpl)
2018-05-30 14:08:43.449 [main] INFO  c.a.s.r.s.RestComponentsPropertyInjectProcessor - A rest resource is found . register it (dzjkRestFacade). 
2018-05-30 14:08:43.455 [main] INFO  com.alipay.sofa.rest.bootstrap.RestBootstrap - register rest resource(name:com.dzjk.ams.endpoint.action.MqRestFacadeImpl)
2018-05-30 14:08:43.461 [main] INFO  c.a.s.r.s.RestComponentsPropertyInjectProcessor - A rest resource is found . register it (mqRestFacade). 
2018-05-30 14:09:05.439 [main] INFO  com.alipay.sofa.rest.bootstrap.RestBootstrap - register rest resource(name:com.dzjk.ams.endpoint.action.SampleRestFacadeRestImpl)
2018-05-30 14:09:05.451 [main] INFO  c.a.s.r.s.RestComponentsPropertyInjectProcessor - A rest resource is found . register it (sampleRestFacadeRest). 
2018-05-30 14:09:05.456 [main] INFO  com.alipay.sofa.rest.bootstrap.RestBootstrap - register rest resource(name:com.dzjk.ams.endpoint.action.FaviconRestFacadeRestImpl)
2018-05-30 14:09:05.459 [main] INFO  c.a.s.r.s.RestComponentsPropertyInjectProcessor - A rest resource is found . register it (faviconRestFacadeRest). 
2018-05-30 14:09:06.772 [main] INFO  com.alipay.sofa.rest.bootstrap.RestBootstrap - ClientConfig{connections=10, connectTimeout=-1, socketTimeout=-1, threadPoolSize=10, retries=0}
2018-05-30 14:09:06.858 [main] INFO  com.alipay.sofa.rest.bootstrap.RestBootstrap -  rest client started.
2018-05-30 14:09:07.336 [main] INFO  c.a.sofa.rest.server.netty.SofaRestNettyServer - server connector works,Connector{port=8341, hostname='null',maxRequestSize =10485760, isKeepAlive=true, exposed=true, sslContext=null}. Configured min.pool.size=100,max.pool.size=200,queue.pool.size=500,prestart=false
2018-05-30 14:09:07.348 [main] INFO  com.alipay.sofa.rest.bootstrap.RestBootstrap -  rest server is started.
2018-05-30 14:09:07.348 [main] INFO  c.a.sofa.rest.spring.support.RestComponentsLog - 
====== rest resources and providers ======
providers:
  class org.jboss.resteasy.plugins.providers.ServerFormUrlEncodedProvider
  class com.dzjk.ams.core.common.filter.CommonContainerResponseFilter

resources:
  name:dzjkRestFacade,class com.dzjk.ams.endpoint.action.DzjkRestFacadeRestImpl
  name:faviconRestFacadeRest,class com.dzjk.ams.endpoint.action.FaviconRestFacadeRestImpl
  name:sampleRestFacadeRest,class com.dzjk.ams.endpoint.action.SampleRestFacadeRestImpl
  name:accountFacadeRest,class com.dzjk.ams.endpoint.action.account.AccountFacadeRestImpl
  name:mqRestFacade,class com.dzjk.ams.endpoint.action.MqRestFacadeImpl

2018-05-30 14:09:07.348 [main] INFO  com.alipay.sofa.rest.bootstrap.RestBootstrap - sofa rest started.
